<?xml version="1.0" encoding="UTF-8"?>
<!-- Generated by org.testng.reporters.JUnitXMLReporter -->
<testsuite ignored="0" hostname="stacyde-MacBook-Pro.local" failures="0" tests="3" name="Default test" time="206.875" errors="0" timestamp="2020-04-07T11:52:06 TST">
  <testcase classname="ScenarioTest" name="addFavorite" time="49.941"/>
  <testcase classname="ScenarioTest" name="createPlan" time="109.752"/>
  <testcase classname="ScenarioTest" name="searchCourse" time="32.224"/>
</testsuite> <!-- Default test -->
