<?xml version="1.0" encoding="UTF-8"?>
<testng-results ignored="0" total="3" passed="3" failed="0" skipped="0">
  <reporter-output>
  </reporter-output>
  <suite started-at="2020-04-07T11:48:39 TST" name="Default suite" finished-at="2020-04-07T11:52:06 TST" duration-ms="206875">
    <groups>
    </groups>
    <test started-at="2020-04-07T11:48:39 TST" name="Default test" finished-at="2020-04-07T11:52:06 TST" duration-ms="206875">
      <class name="ScenarioTest">
        <test-method is-config="true" signature="before()[pri:0, instance:ScenarioTest@8dbdac1]" started-at="2020-04-07T11:48:39 TST" name="before" finished-at="2020-04-07T11:48:53 TST" duration-ms="14196" status="PASS">
          <reporter-output>
          </reporter-output>
        </test-method> <!-- before -->
        <test-method signature="addFavorite()[pri:0, instance:ScenarioTest@8dbdac1]" started-at="2020-04-07T11:48:53 TST" name="addFavorite" finished-at="2020-04-07T11:49:43 TST" duration-ms="49941" status="PASS">
          <reporter-output>
          </reporter-output>
        </test-method> <!-- addFavorite -->
        <test-method signature="createPlan()[pri:0, instance:ScenarioTest@8dbdac1]" started-at="2020-04-07T11:49:43 TST" name="createPlan" finished-at="2020-04-07T11:51:33 TST" duration-ms="109752" status="PASS">
          <reporter-output>
          </reporter-output>
        </test-method> <!-- createPlan -->
        <test-method signature="searchCourse()[pri:0, instance:ScenarioTest@8dbdac1]" started-at="2020-04-07T11:51:33 TST" name="searchCourse" finished-at="2020-04-07T11:52:05 TST" duration-ms="32224" status="PASS">
          <reporter-output>
          </reporter-output>
        </test-method> <!-- searchCourse -->
        <test-method is-config="true" signature="after()[pri:0, instance:ScenarioTest@8dbdac1]" started-at="2020-04-07T11:52:05 TST" name="after" finished-at="2020-04-07T11:52:06 TST" duration-ms="716" status="PASS">
          <reporter-output>
          </reporter-output>
        </test-method> <!-- after -->
      </class> <!-- ScenarioTest -->
    </test> <!-- Default test -->
  </suite> <!-- Default suite -->
</testng-results>
